#
# There is insufficient memory for the Java Runtime Environment to continue.
# Native memory allocation (malloc) failed to allocate 316640 bytes for Chunk::new
# Possible reasons:
#   The system is out of physical RAM or swap space
#   The process is running with CompressedOops enabled, and the Java Heap may be blocking the growth of the native heap
# Possible solutions:
#   Reduce memory load on the system
#   Increase physical memory or swap space
#   Check if swap backing store is full
#   Decrease Java heap size (-Xmx/-Xms)
#   Decrease number of Java threads
#   Decrease Java thread stack sizes (-Xss)
#   Set larger code cache with -XX:ReservedCodeCacheSize=
#   JVM is running with Unscaled Compressed Oops mode in which the Java heap is
#     placed in the first 4GB address space. The Java Heap base address is the
#     maximum limit for the native heap growth. Please use -XX:HeapBaseMinAddress
#     to set the Java Heap base and to place the Java Heap above 4GB virtual address.
# This output file may be truncated or incomplete.
#
#  Out of Memory Error (arena.cpp:191), pid=15704, tid=26200
#
# JRE version: OpenJDK Runtime Environment Temurin-17.0.10+7 (17.0.10+7) (build 17.0.10+7)
# Java VM: OpenJDK 64-Bit Server VM Temurin-17.0.10+7 (17.0.10+7, mixed mode, tiered, compressed oops, compressed class ptrs, parallel gc, windows-amd64)
# No core dump will be written. Minidumps are not enabled by default on client versions of Windows
#

---------------  S U M M A R Y ------------

Command Line: --add-modules=ALL-SYSTEM --add-opens=java.base/java.util=ALL-UNNAMED --add-opens=java.base/java.lang=ALL-UNNAMED --add-opens=java.base/sun.nio.fs=ALL-UNNAMED -Declipse.application=org.eclipse.jdt.ls.core.id1 -Dosgi.bundles.defaultStartLevel=4 -Declipse.product=org.eclipse.jdt.ls.core.product -Djava.import.generatesMetadataFilesAtProjectRoot=false -DDetectVMInstallationsJob.disabled=true -Dfile.encoding=utf8 -XX:+UseParallelGC -XX:GCTimeRatio=4 -XX:AdaptiveSizePolicyWeight=90 -Dsun.zip.disableMemoryMapping=true -Xmx1G -Xms100m -Xlog:disable -javaagent:c:\Users\Kausika\.vscode\extensions\redhat.java-1.30.0-win32-x64\lombok\lombok-1.18.32.jar c:\Users\Kausika\.vscode\extensions\redhat.java-1.30.0-win32-x64\server\plugins\org.eclipse.equinox.launcher_1.6.800.v20240330-1250.jar -configuration c:\Users\Kausika\AppData\Roaming\Code\User\globalStorage\redhat.java\1.30.0\config_ss_win -data c:\Users\Kausika\AppData\Roaming\Code\User\workspaceStorage\4a4fb3bcd9a980ae5af8397bc7a5fe3c\redhat.java\ss_ws --pipe=\\.\pipe\lsp-4a63376197c35e4139cddeec4603b19b-sock

Host: 11th Gen Intel(R) Core(TM) i7-11800H @ 2.30GHz, 16 cores, 15G,  Windows 10 , 64 bit Build 19041 (10.0.19041.3636)
Time: Thu May  2 19:30:39 2024 GMT Daylight Time elapsed time: 0.821804 seconds (0d 0h 0m 0s)

---------------  T H R E A D  ---------------

Current thread (0x000001b885512070):  JavaThread "C2 CompilerThread2" daemon [_thread_in_native, id=26200, stack(0x00000007bff00000,0x00000007c0000000)]


Current CompileTask:
C2:    821 1220   !   4       lombok.patcher.ScriptManager$OurClassFileTransformer::transform (364 bytes)

Stack: [0x00000007bff00000,0x00000007c0000000]
Native frames: (J=compiled Java code, j=interpreted, Vv=VM code, C=native code)
V  [jvm.dll+0x67d2c9]
V  [jvm.dll+0x834afa]
V  [jvm.dll+0x8365be]
V  [jvm.dll+0x836c23]
V  [jvm.dll+0x2477ff]
V  [jvm.dll+0xac514]
V  [jvm.dll+0xacb5c]
V  [jvm.dll+0x3667d7]
V  [jvm.dll+0x330bfa]
V  [jvm.dll+0x33009a]
V  [jvm.dll+0x219ef1]
V  [jvm.dll+0x219311]
V  [jvm.dll+0x1a502d]
V  [jvm.dll+0x2290de]
V  [jvm.dll+0x2272ac]
V  [jvm.dll+0x7e9bb7]
V  [jvm.dll+0x7e3fba]
V  [jvm.dll+0x67c1b5]
C  [ucrtbase.dll+0x21bb2]
C  [KERNEL32.DLL+0x17344]
C  [ntdll.dll+0x526b1]


---------------  P R O C E S S  ---------------

Threads class SMR info:
_java_thread_list=0x000001b887b24a00, length=19, elements={
0x000001b8e7a12de0, 0x000001b8fb8ab500, 0x000001b885308020, 0x000001b8e7ace3b0,
0x000001b88532a010, 0x000001b88532b080, 0x000001b885331980, 0x000001b885336590,
0x000001b88533b390, 0x000001b88533c2b0, 0x000001b8e7a77060, 0x000001b8854c52a0,
0x000001b8854c57c0, 0x000001b8854c6400, 0x000001b885511740, 0x000001b885512070,
0x000001b88728fb50, 0x000001b8876f49b0, 0x000001b887ba7b20
}

Java Threads: ( => current thread )
  0x000001b8e7a12de0 JavaThread "main" [_thread_in_native, id=20720, stack(0x00000007bee00000,0x00000007bef00000)]
  0x000001b8fb8ab500 JavaThread "Reference Handler" daemon [_thread_blocked, id=23732, stack(0x00000007bf100000,0x00000007bf200000)]
  0x000001b885308020 JavaThread "Finalizer" daemon [_thread_blocked, id=24136, stack(0x00000007bf200000,0x00000007bf300000)]
  0x000001b8e7ace3b0 JavaThread "Signal Dispatcher" daemon [_thread_blocked, id=3044, stack(0x00000007bf300000,0x00000007bf400000)]
  0x000001b88532a010 JavaThread "Attach Listener" daemon [_thread_blocked, id=22132, stack(0x00000007bf400000,0x00000007bf500000)]
  0x000001b88532b080 JavaThread "Service Thread" daemon [_thread_blocked, id=18396, stack(0x00000007bf500000,0x00000007bf600000)]
  0x000001b885331980 JavaThread "Monitor Deflation Thread" daemon [_thread_blocked, id=10324, stack(0x00000007bf600000,0x00000007bf700000)]
  0x000001b885336590 JavaThread "C2 CompilerThread0" daemon [_thread_blocked, id=7572, stack(0x00000007bf700000,0x00000007bf800000)]
  0x000001b88533b390 JavaThread "C1 CompilerThread0" daemon [_thread_blocked, id=5912, stack(0x00000007bf800000,0x00000007bf900000)]
  0x000001b88533c2b0 JavaThread "Sweeper thread" daemon [_thread_blocked, id=6388, stack(0x00000007bf900000,0x00000007bfa00000)]
  0x000001b8e7a77060 JavaThread "Common-Cleaner" daemon [_thread_blocked, id=2324, stack(0x00000007bfa00000,0x00000007bfb00000)]
  0x000001b8854c52a0 JavaThread "C1 CompilerThread1" daemon [_thread_blocked, id=14524, stack(0x00000007bfb00000,0x00000007bfc00000)]
  0x000001b8854c57c0 JavaThread "C1 CompilerThread2" daemon [_thread_blocked, id=23548, stack(0x00000007bfc00000,0x00000007bfd00000)]
  0x000001b8854c6400 JavaThread "C1 CompilerThread3" daemon [_thread_blocked, id=5328, stack(0x00000007bfd00000,0x00000007bfe00000)]
  0x000001b885511740 JavaThread "C2 CompilerThread1" daemon [_thread_blocked, id=18032, stack(0x00000007bfe00000,0x00000007bff00000)]
=>0x000001b885512070 JavaThread "C2 CompilerThread2" daemon [_thread_in_native, id=26200, stack(0x00000007bff00000,0x00000007c0000000)]
  0x000001b88728fb50 JavaThread "Notification Thread" daemon [_thread_blocked, id=2788, stack(0x00000007c0000000,0x00000007c0100000)]
  0x000001b8876f49b0 JavaThread "C2 CompilerThread3" daemon [_thread_blocked, id=25356, stack(0x00000007c0200000,0x00000007c0300000)]
  0x000001b887ba7b20 JavaThread "Active Thread: Equinox Container: 2f5fc78e-83e3-40fe-b9d5-fb48bfa9caf7" [_thread_blocked, id=2584, stack(0x00000007c0800000,0x00000007c0900000)]

Other Threads:
  0x000001b8fb8a3e20 VMThread "VM Thread" [stack: 0x00000007bf000000,0x00000007bf100000] [id=16324]
  0x000001b8872b4d80 WatcherThread [stack: 0x00000007c0100000,0x00000007c0200000] [id=16960]
  0x000001b8e7a289d0 GCTaskThread "GC Thread#0" [stack: 0x00000007bef00000,0x00000007bf000000] [id=4852]
  0x000001b8879bc320 GCTaskThread "GC Thread#1" [stack: 0x00000007c0300000,0x00000007c0400000] [id=23900]
  0x000001b8879bc5e0 GCTaskThread "GC Thread#2" [stack: 0x00000007c0400000,0x00000007c0500000] [id=18164]
  0x000001b8879bc8a0 GCTaskThread "GC Thread#3" [stack: 0x00000007c0500000,0x00000007c0600000] [id=21500]
  0x000001b8879bcb60 GCTaskThread "GC Thread#4" [stack: 0x00000007c0600000,0x00000007c0700000] [id=21104]
  0x000001b8879bce20 GCTaskThread "GC Thread#5" [stack: 0x00000007c0700000,0x00000007c0800000] [id=8668]

Threads with active compile tasks:
C2 CompilerThread2      973 1220   !   4       lombok.patcher.ScriptManager$OurClassFileTransformer::transform (364 bytes)

VM state: not at safepoint (normal execution)

VM Mutex/Monitor currently owned by a thread: None

Heap address: 0x00000000c0000000, size: 1024 MB, Compressed Oops mode: 32-bit

CDS archive(s) not mapped
Compressed class space mapped at: 0x0000000100000000-0x0000000140000000, reserved size: 1073741824
Narrow klass base: 0x0000000000000000, Narrow klass shift: 3, Narrow klass range: 0x140000000

GC Precious Log:
 CPUs: 16 total, 16 available
 Memory: 16122M
 Large Page Support: Disabled
 NUMA Support: Disabled
 Compressed Oops: Enabled (32-bit)
 Alignments: Space 512K, Generation 512K, Heap 2M
 Heap Min Capacity: 100M
 Heap Initial Capacity: 100M
 Heap Max Capacity: 1G
 Pre-touch: Disabled
 Parallel Workers: 13

Heap:
 PSYoungGen      total 29696K, used 24020K [0x00000000eab00000, 0x00000000ecc00000, 0x0000000100000000)
  eden space 25600K, 81% used [0x00000000eab00000,0x00000000ebf75c58,0x00000000ec400000)
  from space 4096K, 74% used [0x00000000ec400000,0x00000000ec6ff710,0x00000000ec800000)
  to   space 4096K, 0% used [0x00000000ec800000,0x00000000ec800000,0x00000000ecc00000)
 ParOldGen       total 68608K, used 16K [0x00000000c0000000, 0x00000000c4300000, 0x00000000eab00000)
  object space 68608K, 0% used [0x00000000c0000000,0x00000000c0004000,0x00000000c4300000)
 Metaspace       used 13838K, committed 14016K, reserved 1114112K
  class space    used 1364K, committed 1472K, reserved 1048576K

Card table byte_map: [0x000001b8e73b0000,0x000001b8e75c0000] _byte_map_base: 0x000001b8e6db0000

Marking Bits: (ParMarkBitMap*) 0x00007fff9461d7d0
 Begin Bits: [0x000001b8f96b0000, 0x000001b8fa6b0000)
 End Bits:   [0x000001b8fa6b0000, 0x000001b8fb6b0000)

Polling page: 0x000001b8e57c0000

Metaspace:

Usage:
  Non-class:     12.18 MB used.
      Class:      1.33 MB used.
       Both:     13.51 MB used.

Virtual space:
  Non-class space:       64.00 MB reserved,      12.25 MB ( 19%) committed,  1 nodes.
      Class space:        1.00 GB reserved,       1.44 MB ( <1%) committed,  1 nodes.
             Both:        1.06 GB reserved,      13.69 MB (  1%) committed. 

Chunk freelists:
   Non-Class:  3.33 MB
       Class:  14.48 MB
        Both:  17.81 MB

MaxMetaspaceSize: unlimited
CompressedClassSpaceSize: 1.00 GB
Initial GC threshold: 21.00 MB
Current GC threshold: 21.00 MB
CDS: off
MetaspaceReclaimPolicy: balanced
 - commit_granule_bytes: 65536.
 - commit_granule_words: 8192.
 - virtual_space_node_default_size: 8388608.
 - enlarge_chunks_in_place: 1.
 - new_chunks_are_fully_committed: 0.
 - uncommit_free_chunks: 1.
 - use_allocation_guard: 0.
 - handle_deallocations: 1.


Internal statistics:

num_allocs_failed_limit: 0.
num_arena_births: 54.
num_arena_deaths: 0.
num_vsnodes_births: 2.
num_vsnodes_deaths: 0.
num_space_committed: 219.
num_space_uncommitted: 0.
num_chunks_returned_to_freelist: 0.
num_chunks_taken_from_freelist: 220.
num_chunk_merges: 0.
num_chunk_splits: 149.
num_chunks_enlarged: 121.
num_inconsistent_stats: 0.

CodeHeap 'non-profiled nmethods': size=119168Kb used=603Kb max_used=603Kb free=118564Kb
 bounds [0x000001b8f2250000, 0x000001b8f24c0000, 0x000001b8f96b0000]
CodeHeap 'profiled nmethods': size=119104Kb used=2822Kb max_used=2822Kb free=116281Kb
 bounds [0x000001b8ea6b0000, 0x000001b8ea980000, 0x000001b8f1b00000]
CodeHeap 'non-nmethods': size=7488Kb used=2861Kb max_used=2876Kb free=4626Kb
 bounds [0x000001b8f1b00000, 0x000001b8f1dd0000, 0x000001b8f2250000]
 total_blobs=1987 nmethods=1533 adapters=365
 compilation: enabled
              stopped_count=0, restarted_count=0
 full_count=0

Compilation events (20 events):
Event: 0.819 Thread 0x000001b88533b390 1316       3       java.lang.System::getProperty (25 bytes)
Event: 0.819 Thread 0x000001b8854c52a0 nmethod 1311 0x000001b8ea904a90 code [0x000001b8ea904ca0, 0x000001b8ea905138]
Event: 0.819 Thread 0x000001b8854c57c0 nmethod 1315 0x000001b8ea905310 code [0x000001b8ea9054c0, 0x000001b8ea905688]
Event: 0.819 Thread 0x000001b8854c6400 nmethod 1314 0x000001b8ea905790 code [0x000001b8ea905960, 0x000001b8ea905bf8]
Event: 0.819 Thread 0x000001b885336590 nmethod 1302 0x000001b8f22d3390 code [0x000001b8f22d3520, 0x000001b8f22d3628]
Event: 0.819 Thread 0x000001b885336590 1313       4       java.lang.StringLatin1::getChar (9 bytes)
Event: 0.819 Thread 0x000001b88533b390 nmethod 1316 0x000001b8ea905d10 code [0x000001b8ea905f20, 0x000001b8ea9065f8]
Event: 0.819 Thread 0x000001b885511740 nmethod 1256 0x000001b8f22d3710 code [0x000001b8f22d38e0, 0x000001b8f22d3f18]
Event: 0.820 Thread 0x000001b8876f49b0 nmethod 1255 0x000001b8f22d4310 code [0x000001b8f22d44e0, 0x000001b8f22d4b58]
Event: 0.820 Thread 0x000001b885336590 nmethod 1313 0x000001b8f22d4f90 code [0x000001b8f22d5100, 0x000001b8f22d5198]
Event: 0.820 Thread 0x000001b8854c6400 1317       1       org.eclipse.osgi.container.Module::getId (5 bytes)
Event: 0.820 Thread 0x000001b8854c52a0 1318       3       java.lang.Long::compare (22 bytes)
Event: 0.820 Thread 0x000001b8854c57c0 1319       3       org.eclipse.osgi.container.ModuleDatabase$2::compare (13 bytes)
Event: 0.820 Thread 0x000001b8854c6400 nmethod 1317 0x000001b8f22d5290 code [0x000001b8f22d5420, 0x000001b8f22d54f8]
Event: 0.820 Thread 0x000001b8854c6400 1320       3       org.eclipse.osgi.container.ModuleDatabase$2::compare (12 bytes)
Event: 0.820 Thread 0x000001b88533b390 1321       3       java.lang.Long::compareTo (12 bytes)
Event: 0.820 Thread 0x000001b8854c52a0 nmethod 1318 0x000001b8ea906890 code [0x000001b8ea906a40, 0x000001b8ea906c38]
Event: 0.820 Thread 0x000001b8854c57c0 nmethod 1319 0x000001b8ea906d10 code [0x000001b8ea906f00, 0x000001b8ea907478]
Event: 0.820 Thread 0x000001b88533b390 nmethod 1321 0x000001b8ea907690 code [0x000001b8ea907840, 0x000001b8ea907ab8]
Event: 0.820 Thread 0x000001b8854c6400 nmethod 1320 0x000001b8ea907b90 code [0x000001b8ea907d60, 0x000001b8ea908098]

GC Heap History (2 events):
Event: 0.666 GC heap before
{Heap before GC invocations=1 (full 0):
 PSYoungGen      total 29696K, used 25600K [0x00000000eab00000, 0x00000000ecc00000, 0x0000000100000000)
  eden space 25600K, 100% used [0x00000000eab00000,0x00000000ec400000,0x00000000ec400000)
  from space 4096K, 0% used [0x00000000ec800000,0x00000000ec800000,0x00000000ecc00000)
  to   space 4096K, 0% used [0x00000000ec400000,0x00000000ec400000,0x00000000ec800000)
 ParOldGen       total 68608K, used 0K [0x00000000c0000000, 0x00000000c4300000, 0x00000000eab00000)
  object space 68608K, 0% used [0x00000000c0000000,0x00000000c0000000,0x00000000c4300000)
 Metaspace       used 10631K, committed 10752K, reserved 1114112K
  class space    used 1058K, committed 1088K, reserved 1048576K
}
Event: 0.671 GC heap after
{Heap after GC invocations=1 (full 0):
 PSYoungGen      total 29696K, used 3069K [0x00000000eab00000, 0x00000000ecc00000, 0x0000000100000000)
  eden space 25600K, 0% used [0x00000000eab00000,0x00000000eab00000,0x00000000ec400000)
  from space 4096K, 74% used [0x00000000ec400000,0x00000000ec6ff710,0x00000000ec800000)
  to   space 4096K, 0% used [0x00000000ec800000,0x00000000ec800000,0x00000000ecc00000)
 ParOldGen       total 68608K, used 16K [0x00000000c0000000, 0x00000000c4300000, 0x00000000eab00000)
  object space 68608K, 0% used [0x00000000c0000000,0x00000000c0004000,0x00000000c4300000)
 Metaspace       used 10631K, committed 10752K, reserved 1114112K
  class space    used 1058K, committed 1088K, reserved 1048576K
}

Dll operation events (8 events):
Event: 0.042 Loaded shared library c:\Users\Kausika\.vscode\extensions\redhat.java-1.30.0-win32-x64\jre\17.0.10-win32-x86_64\bin\java.dll
Event: 0.208 Loaded shared library c:\Users\Kausika\.vscode\extensions\redhat.java-1.30.0-win32-x64\jre\17.0.10-win32-x86_64\bin\zip.dll
Event: 0.212 Loaded shared library C:\Users\Kausika\.vscode\extensions\redhat.java-1.30.0-win32-x64\jre\17.0.10-win32-x86_64\bin\instrument.dll
Event: 0.224 Loaded shared library C:\Users\Kausika\.vscode\extensions\redhat.java-1.30.0-win32-x64\jre\17.0.10-win32-x86_64\bin\net.dll
Event: 0.226 Loaded shared library C:\Users\Kausika\.vscode\extensions\redhat.java-1.30.0-win32-x64\jre\17.0.10-win32-x86_64\bin\nio.dll
Event: 0.231 Loaded shared library C:\Users\Kausika\.vscode\extensions\redhat.java-1.30.0-win32-x64\jre\17.0.10-win32-x86_64\bin\zip.dll
Event: 0.245 Loaded shared library C:\Users\Kausika\.vscode\extensions\redhat.java-1.30.0-win32-x64\jre\17.0.10-win32-x86_64\bin\jimage.dll
Event: 0.290 Loaded shared library c:\Users\Kausika\.vscode\extensions\redhat.java-1.30.0-win32-x64\jre\17.0.10-win32-x86_64\bin\verify.dll

Deoptimization events (20 events):
Event: 0.747 Thread 0x000001b8e7a12de0 Uncommon trap: trap_request=0xffffff45 fr.pc=0x000001b8f22a9124 relative=0x0000000000000484
Event: 0.747 Thread 0x000001b8e7a12de0 Uncommon trap: reason=unstable_if action=reinterpret pc=0x000001b8f22a9124 method=java.lang.String.<init>([BIILjava/nio/charset/Charset;)V @ 47 c2
Event: 0.747 Thread 0x000001b8e7a12de0 DEOPT PACKING pc=0x000001b8f22a9124 sp=0x00000007beef7840
Event: 0.747 Thread 0x000001b8e7a12de0 DEOPT UNPACKING pc=0x000001b8f1b59ea3 sp=0x00000007beef77f8 mode 2
Event: 0.750 Thread 0x000001b8e7a12de0 DEOPT PACKING pc=0x000001b8ea729f45 sp=0x00000007beef7910
Event: 0.750 Thread 0x000001b8e7a12de0 DEOPT UNPACKING pc=0x000001b8f1b5a9e3 sp=0x00000007beef6dc0 mode 0
Event: 0.761 Thread 0x000001b8e7a12de0 DEOPT PACKING pc=0x000001b8ea729f45 sp=0x00000007beef3cf0
Event: 0.761 Thread 0x000001b8e7a12de0 DEOPT UNPACKING pc=0x000001b8f1b5a9e3 sp=0x00000007beef31a0 mode 0
Event: 0.766 Thread 0x000001b8e7a12de0 DEOPT PACKING pc=0x000001b8ea729f45 sp=0x00000007beef3cf0
Event: 0.766 Thread 0x000001b8e7a12de0 DEOPT UNPACKING pc=0x000001b8f1b5a9e3 sp=0x00000007beef31a0 mode 0
Event: 0.770 Thread 0x000001b8e7a12de0 DEOPT PACKING pc=0x000001b8ea729f45 sp=0x00000007beef7820
Event: 0.770 Thread 0x000001b8e7a12de0 DEOPT UNPACKING pc=0x000001b8f1b5a9e3 sp=0x00000007beef6cd0 mode 0
Event: 0.786 Thread 0x000001b8e7a12de0 Uncommon trap: trap_request=0xffffffc6 fr.pc=0x000001b8f227a81c relative=0x000000000000027c
Event: 0.786 Thread 0x000001b8e7a12de0 Uncommon trap: reason=bimorphic_or_optimized_type_check action=maybe_recompile pc=0x000001b8f227a81c method=java.util.Collections$UnmodifiableCollection$1.next()Ljava/lang/Object; @ 4 c2
Event: 0.786 Thread 0x000001b8e7a12de0 DEOPT PACKING pc=0x000001b8f227a81c sp=0x00000007beef7f10
Event: 0.786 Thread 0x000001b8e7a12de0 DEOPT UNPACKING pc=0x000001b8f1b59ea3 sp=0x00000007beef7ec0 mode 2
Event: 0.786 Thread 0x000001b8e7a12de0 Uncommon trap: trap_request=0xffffffc6 fr.pc=0x000001b8f227a81c relative=0x000000000000027c
Event: 0.786 Thread 0x000001b8e7a12de0 Uncommon trap: reason=bimorphic_or_optimized_type_check action=maybe_recompile pc=0x000001b8f227a81c method=java.util.Collections$UnmodifiableCollection$1.next()Ljava/lang/Object; @ 4 c2
Event: 0.786 Thread 0x000001b8e7a12de0 DEOPT PACKING pc=0x000001b8f227a81c sp=0x00000007beef7f10
Event: 0.786 Thread 0x000001b8e7a12de0 DEOPT UNPACKING pc=0x000001b8f1b59ea3 sp=0x00000007beef7ec0 mode 2

Classes unloaded (0 events):
No events

Classes redefined (0 events):
No events

Internal exceptions (20 events):
Event: 0.442 Thread 0x000001b8e7a12de0 Exception <a 'java/io/FileNotFoundException'{0x00000000eb9f3220}> (0x00000000eb9f3220) 
thrown [s\src\hotspot\share\prims\jni.cpp, line 516]
Event: 0.442 Thread 0x000001b8e7a12de0 Exception <a 'java/io/FileNotFoundException'{0x00000000eb9f3f20}> (0x00000000eb9f3f20) 
thrown [s\src\hotspot\share\prims\jni.cpp, line 516]
Event: 0.442 Thread 0x000001b8e7a12de0 Exception <a 'java/io/FileNotFoundException'{0x00000000eb9f4c00}> (0x00000000eb9f4c00) 
thrown [s\src\hotspot\share\prims\jni.cpp, line 516]
Event: 0.445 Thread 0x000001b8e7a12de0 Implicit null exception at 0x000001b8f22740f2 to 0x000001b8f2274668
Event: 0.447 Thread 0x000001b8e7a12de0 Exception <a 'java/io/FileNotFoundException'{0x00000000eba2f520}> (0x00000000eba2f520) 
thrown [s\src\hotspot\share\prims\jni.cpp, line 516]
Event: 0.634 Thread 0x000001b8e7a12de0 Exception <a 'java/lang/ClassNotFoundException'{0x00000000ec2369b0}: sun/net/www/protocol/c/Handler> (0x00000000ec2369b0) 
thrown [s\src\hotspot\share\classfile\systemDictionary.cpp, line 256]
Event: 0.634 Thread 0x000001b8e7a12de0 Exception <a 'java/lang/ClassNotFoundException'{0x00000000ec237d08}: sun/net/www/protocol/c/Handler> (0x00000000ec237d08) 
thrown [s\src\hotspot\share\classfile\systemDictionary.cpp, line 256]
Event: 0.634 Thread 0x000001b8e7a12de0 Exception <a 'java/lang/ClassNotFoundException'{0x00000000ec238ea8}: sun/net/www/protocol/c/Handler> (0x00000000ec238ea8) 
thrown [s\src\hotspot\share\classfile\systemDictionary.cpp, line 256]
Event: 0.639 Thread 0x000001b8e7a12de0 Exception <a 'java/io/FileNotFoundException'{0x00000000ec25d0c8}> (0x00000000ec25d0c8) 
thrown [s\src\hotspot\share\prims\jni.cpp, line 516]
Event: 0.655 Thread 0x000001b8e7a12de0 Implicit null exception at 0x000001b8f22ae37b to 0x000001b8f22aed1c
Event: 0.655 Thread 0x000001b8e7a12de0 Implicit null exception at 0x000001b8f22a08ec to 0x000001b8f22a0ac8
Event: 0.655 Thread 0x000001b8e7a12de0 Implicit null exception at 0x000001b8f22a026c to 0x000001b8f22a0448
Event: 0.655 Thread 0x000001b8e7a12de0 Implicit null exception at 0x000001b8f229a58f to 0x000001b8f229a605
Event: 0.687 Thread 0x000001b8e7a12de0 Exception <a 'java/lang/NoSuchMethodError'{0x00000000eac715c0}: 'int java.lang.invoke.DirectMethodHandle$Holder.invokeStaticInit(java.lang.Object, java.lang.Object, java.lang.Object, java.lang.Object)'> (0x00000000eac715c0) 
thrown [s\src\hotspot\share\interpreter\linkResolver.cpp, line 759]
Event: 0.688 Thread 0x000001b8e7a12de0 Exception <a 'java/lang/NoSuchMethodError'{0x00000000eac7bd38}: 'java.lang.Object java.lang.invoke.DirectMethodHandle$Holder.invokeInterface(java.lang.Object, java.lang.Object)'> (0x00000000eac7bd38) 
thrown [s\src\hotspot\share\interpreter\linkResolver.cpp, line 759]
Event: 0.688 Thread 0x000001b8e7a12de0 Exception <a 'java/lang/IncompatibleClassChangeError'{0x00000000eac7f530}: Found class java.lang.Object, but interface was expected> (0x00000000eac7f530) 
thrown [s\src\hotspot\share\interpreter\linkResolver.cpp, line 826]
Event: 0.689 Thread 0x000001b8e7a12de0 Exception <a 'java/lang/NoSuchMethodError'{0x00000000eac83a20}: 'void java.lang.invoke.DirectMethodHandle$Holder.invokeStatic(java.lang.Object, java.lang.Object)'> (0x00000000eac83a20) 
thrown [s\src\hotspot\share\interpreter\linkResolver.cpp, line 759]
Event: 0.689 Thread 0x000001b8e7a12de0 Exception <a 'java/lang/NoSuchMethodError'{0x00000000eac87220}: 'void java.lang.invoke.DirectMethodHandle$Holder.invokeStaticInit(java.lang.Object, java.lang.Object)'> (0x00000000eac87220) 
thrown [s\src\hotspot\share\interpreter\linkResolver.cpp, line 759]
Event: 0.690 Thread 0x000001b8e7a12de0 Exception <a 'java/lang/NoSuchMethodError'{0x00000000eac8e710}: 'int java.lang.invoke.DirectMethodHandle$Holder.invokeStaticInit(java.lang.Object, java.lang.Object)'> (0x00000000eac8e710) 
thrown [s\src\hotspot\share\interpreter\linkResolver.cpp, line 759]
Event: 0.715 Thread 0x000001b8e7a12de0 Exception <a 'java/lang/NoSuchMethodError'{0x00000000eae38740}: 'void java.lang.invoke.DirectMethodHandle$Holder.invokeSpecial(java.lang.Object, java.lang.Object, java.lang.Object)'> (0x00000000eae38740) 
thrown [s\src\hotspot\share\interpreter\linkResolver.cpp, line 759]

VM Operations (12 events):
Event: 0.198 Executing VM operation: HandshakeAllThreads
Event: 0.198 Executing VM operation: HandshakeAllThreads done
Event: 0.254 Executing VM operation: HandshakeAllThreads
Event: 0.254 Executing VM operation: HandshakeAllThreads done
Event: 0.426 Executing VM operation: HandshakeAllThreads
Event: 0.426 Executing VM operation: HandshakeAllThreads done
Event: 0.434 Executing VM operation: HandshakeAllThreads
Event: 0.434 Executing VM operation: HandshakeAllThreads done
Event: 0.618 Executing VM operation: ICBufferFull
Event: 0.618 Executing VM operation: ICBufferFull done
Event: 0.666 Executing VM operation: ParallelGCFailedAllocation
Event: 0.671 Executing VM operation: ParallelGCFailedAllocation done

Events (20 events):
Event: 0.746 loading class java/security/cert/CertificateException
Event: 0.746 loading class java/security/cert/CertificateException done
Event: 0.746 loading class java/security/NoSuchAlgorithmException
Event: 0.746 loading class java/security/NoSuchAlgorithmException done
Event: 0.746 loading class java/security/NoSuchProviderException
Event: 0.746 loading class java/security/NoSuchProviderException done
Event: 0.765 loading class java/lang/TypeNotPresentException
Event: 0.765 loading class java/lang/TypeNotPresentException done
Event: 0.807 loading class java/util/Collections$UnmodifiableMap$UnmodifiableEntrySet
Event: 0.807 loading class java/util/Collections$UnmodifiableMap$UnmodifiableEntrySet done
Event: 0.807 loading class java/util/Collections$UnmodifiableMap$UnmodifiableEntrySet$1
Event: 0.808 loading class java/util/Collections$UnmodifiableMap$UnmodifiableEntrySet$1 done
Event: 0.808 loading class java/util/Collections$UnmodifiableMap$UnmodifiableEntrySet$UnmodifiableEntry
Event: 0.808 loading class java/util/Collections$UnmodifiableMap$UnmodifiableEntrySet$UnmodifiableEntry done
Event: 0.814 loading class java/lang/reflect/TypeVariable
Event: 0.814 loading class java/lang/reflect/TypeVariable done
Event: 0.814 loading class java/lang/reflect/AnnotatedType
Event: 0.815 loading class java/lang/reflect/AnnotatedType done
Event: 0.819 loading class java/util/ArrayList$SubList$1
Event: 0.819 loading class java/util/ArrayList$SubList$1 done


Dynamic libraries:
0x00007ff6f0520000 - 0x00007ff6f052e000 	c:\Users\Kausika\.vscode\extensions\redhat.java-1.30.0-win32-x64\jre\17.0.10-win32-x86_64\bin\java.exe
0x00007ff858b70000 - 0x00007ff858d68000 	C:\Windows\SYSTEM32\ntdll.dll
0x00007ff858860000 - 0x00007ff85891d000 	C:\Windows\System32\KERNEL32.DLL
0x00007ff856360000 - 0x00007ff856656000 	C:\Windows\System32\KERNELBASE.dll
0x00007ff856780000 - 0x00007ff856880000 	C:\Windows\System32\ucrtbase.dll
0x00007ff84a500000 - 0x00007ff84a517000 	c:\Users\Kausika\.vscode\extensions\redhat.java-1.30.0-win32-x64\jre\17.0.10-win32-x86_64\bin\jli.dll
0x00007ff840f90000 - 0x00007ff840fab000 	c:\Users\Kausika\.vscode\extensions\redhat.java-1.30.0-win32-x64\jre\17.0.10-win32-x86_64\bin\VCRUNTIME140.dll
0x00007ff857f00000 - 0x00007ff85809f000 	C:\Windows\System32\USER32.dll
0x00007ff856900000 - 0x00007ff856922000 	C:\Windows\System32\win32u.dll
0x00007ff857330000 - 0x00007ff85735b000 	C:\Windows\System32\GDI32.dll
0x00007ff848a90000 - 0x00007ff848d2a000 	C:\Windows\WinSxS\amd64_microsoft.windows.common-controls_6595b64144ccf1df_6.0.19041.3636_none_60b6a03d71f818d5\COMCTL32.dll
0x00007ff856660000 - 0x00007ff856777000 	C:\Windows\System32\gdi32full.dll
0x00007ff857150000 - 0x00007ff8571ee000 	C:\Windows\System32\msvcrt.dll
0x00007ff856930000 - 0x00007ff8569cd000 	C:\Windows\System32\msvcp_win.dll
0x00007ff8585f0000 - 0x00007ff858622000 	C:\Windows\System32\IMM32.DLL
0x00007ff84be80000 - 0x00007ff84be8c000 	c:\Users\Kausika\.vscode\extensions\redhat.java-1.30.0-win32-x64\jre\17.0.10-win32-x86_64\bin\vcruntime140_1.dll
0x00007ffff3260000 - 0x00007ffff32ed000 	c:\Users\Kausika\.vscode\extensions\redhat.java-1.30.0-win32-x64\jre\17.0.10-win32-x86_64\bin\msvcp140.dll
0x00007fff93a80000 - 0x00007fff946e2000 	c:\Users\Kausika\.vscode\extensions\redhat.java-1.30.0-win32-x64\jre\17.0.10-win32-x86_64\bin\server\jvm.dll
0x00007ff857ad0000 - 0x00007ff857b80000 	C:\Windows\System32\ADVAPI32.dll
0x00007ff8570a0000 - 0x00007ff857140000 	C:\Windows\System32\sechost.dll
0x00007ff8582d0000 - 0x00007ff8583f3000 	C:\Windows\System32\RPCRT4.dll
0x00007ff8568d0000 - 0x00007ff8568f7000 	C:\Windows\System32\bcrypt.dll
0x00007ff8255f0000 - 0x00007ff8255f9000 	C:\Windows\SYSTEM32\WSOCK32.dll
0x00007ff819900000 - 0x00007ff819927000 	C:\Windows\SYSTEM32\WINMM.dll
0x00007ff855760000 - 0x00007ff8557ab000 	C:\Windows\SYSTEM32\POWRPROF.dll
0x00007ff84b910000 - 0x00007ff84b91a000 	C:\Windows\SYSTEM32\VERSION.dll
0x00007ff858130000 - 0x00007ff85819b000 	C:\Windows\System32\WS2_32.dll
0x00007ff855620000 - 0x00007ff855632000 	C:\Windows\SYSTEM32\UMPDC.dll
0x00007ff854a40000 - 0x00007ff854a52000 	C:\Windows\SYSTEM32\kernel.appcore.dll
0x00007ff820a00000 - 0x00007ff820a0a000 	c:\Users\Kausika\.vscode\extensions\redhat.java-1.30.0-win32-x64\jre\17.0.10-win32-x86_64\bin\jimage.dll
0x00007ff854770000 - 0x00007ff854954000 	C:\Windows\SYSTEM32\DBGHELP.DLL
0x00007ff843c80000 - 0x00007ff843cb4000 	C:\Windows\SYSTEM32\dbgcore.DLL
0x00007ff856220000 - 0x00007ff8562a2000 	C:\Windows\System32\bcryptPrimitives.dll
0x00007ff8209f0000 - 0x00007ff8209fe000 	c:\Users\Kausika\.vscode\extensions\redhat.java-1.30.0-win32-x64\jre\17.0.10-win32-x86_64\bin\instrument.dll
0x00007ff814ce0000 - 0x00007ff814d05000 	c:\Users\Kausika\.vscode\extensions\redhat.java-1.30.0-win32-x64\jre\17.0.10-win32-x86_64\bin\java.dll
0x00007ff8209a0000 - 0x00007ff8209b8000 	c:\Users\Kausika\.vscode\extensions\redhat.java-1.30.0-win32-x64\jre\17.0.10-win32-x86_64\bin\zip.dll
0x00007ff857360000 - 0x00007ff857acb000 	C:\Windows\System32\SHELL32.dll
0x00007ff853f00000 - 0x00007ff85469e000 	C:\Windows\SYSTEM32\windows.storage.dll
0x00007ff857b80000 - 0x00007ff857ed3000 	C:\Windows\System32\combase.dll
0x00007ff855c50000 - 0x00007ff855c7e000 	C:\Windows\SYSTEM32\Wldp.dll
0x00007ff858520000 - 0x00007ff8585ed000 	C:\Windows\System32\OLEAUT32.dll
0x00007ff858750000 - 0x00007ff8587fd000 	C:\Windows\System32\SHCORE.dll
0x00007ff8572d0000 - 0x00007ff857325000 	C:\Windows\System32\shlwapi.dll
0x00007ff856150000 - 0x00007ff856173000 	C:\Windows\SYSTEM32\profapi.dll
0x00007ff810490000 - 0x00007ff8104a9000 	C:\Users\Kausika\.vscode\extensions\redhat.java-1.30.0-win32-x64\jre\17.0.10-win32-x86_64\bin\net.dll
0x00007ff84e420000 - 0x00007ff84e52a000 	C:\Windows\SYSTEM32\WINHTTP.dll
0x00007ff8559b0000 - 0x00007ff855a1a000 	C:\Windows\system32\mswsock.dll
0x00007ff810470000 - 0x00007ff810486000 	C:\Users\Kausika\.vscode\extensions\redhat.java-1.30.0-win32-x64\jre\17.0.10-win32-x86_64\bin\nio.dll
0x00007ff8209e0000 - 0x00007ff8209f0000 	c:\Users\Kausika\.vscode\extensions\redhat.java-1.30.0-win32-x64\jre\17.0.10-win32-x86_64\bin\verify.dll

dbghelp: loaded successfully - version: 4.0.5 - missing functions: none
symbol engine: initialized successfully - sym options: 0x614 - pdb path: .;c:\Users\Kausika\.vscode\extensions\redhat.java-1.30.0-win32-x64\jre\17.0.10-win32-x86_64\bin;C:\Windows\SYSTEM32;C:\Windows\WinSxS\amd64_microsoft.windows.common-controls_6595b64144ccf1df_6.0.19041.3636_none_60b6a03d71f818d5;c:\Users\Kausika\.vscode\extensions\redhat.java-1.30.0-win32-x64\jre\17.0.10-win32-x86_64\bin\server

VM Arguments:
jvm_args: --add-modules=ALL-SYSTEM --add-opens=java.base/java.util=ALL-UNNAMED --add-opens=java.base/java.lang=ALL-UNNAMED --add-opens=java.base/sun.nio.fs=ALL-UNNAMED -Declipse.application=org.eclipse.jdt.ls.core.id1 -Dosgi.bundles.defaultStartLevel=4 -Declipse.product=org.eclipse.jdt.ls.core.product -Djava.import.generatesMetadataFilesAtProjectRoot=false -DDetectVMInstallationsJob.disabled=true -Dfile.encoding=utf8 -XX:+UseParallelGC -XX:GCTimeRatio=4 -XX:AdaptiveSizePolicyWeight=90 -Dsun.zip.disableMemoryMapping=true -Xmx1G -Xms100m -Xlog:disable -javaagent:c:\Users\Kausika\.vscode\extensions\redhat.java-1.30.0-win32-x64\lombok\lombok-1.18.32.jar 
java_command: c:\Users\Kausika\.vscode\extensions\redhat.java-1.30.0-win32-x64\server\plugins\org.eclipse.equinox.launcher_1.6.800.v20240330-1250.jar -configuration c:\Users\Kausika\AppData\Roaming\Code\User\globalStorage\redhat.java\1.30.0\config_ss_win -data c:\Users\Kausika\AppData\Roaming\Code\User\workspaceStorage\4a4fb3bcd9a980ae5af8397bc7a5fe3c\redhat.java\ss_ws --pipe=\\.\pipe\lsp-4a63376197c35e4139cddeec4603b19b-sock
java_class_path (initial): c:\Users\Kausika\.vscode\extensions\redhat.java-1.30.0-win32-x64\server\plugins\org.eclipse.equinox.launcher_1.6.800.v20240330-1250.jar
Launcher Type: SUN_STANDARD

[Global flags]
    uintx AdaptiveSizePolicyWeight                 = 90                                        {product} {command line}
     intx CICompilerCount                          = 12                                        {product} {ergonomic}
    uintx GCTimeRatio                              = 4                                         {product} {command line}
   size_t InitialHeapSize                          = 104857600                                 {product} {command line}
   size_t MaxHeapSize                              = 1073741824                                {product} {command line}
   size_t MaxNewSize                               = 357564416                                 {product} {ergonomic}
   size_t MinHeapDeltaBytes                        = 524288                                    {product} {ergonomic}
   size_t MinHeapSize                              = 104857600                                 {product} {command line}
   size_t NewSize                                  = 34603008                                  {product} {ergonomic}
    uintx NonNMethodCodeHeapSize                   = 7602480                                {pd product} {ergonomic}
    uintx NonProfiledCodeHeapSize                  = 122027880                              {pd product} {ergonomic}
   size_t OldSize                                  = 70254592                                  {product} {ergonomic}
    uintx ProfiledCodeHeapSize                     = 122027880                              {pd product} {ergonomic}
    uintx ReservedCodeCacheSize                    = 251658240                              {pd product} {ergonomic}
     bool SegmentedCodeCache                       = true                                      {product} {ergonomic}
   size_t SoftMaxHeapSize                          = 1073741824                             {manageable} {ergonomic}
     bool UseCompressedClassPointers               = true                           {product lp64_product} {ergonomic}
     bool UseCompressedOops                        = true                           {product lp64_product} {ergonomic}
     bool UseLargePagesIndividualAllocation        = false                                  {pd product} {ergonomic}
     bool UseParallelGC                            = true                                      {product} {command line}

Logging:
Log output configuration:
 #0: stdout all=off uptime,level,tags
 #1: stderr all=off uptime,level,tags

Environment Variables:
JAVA_HOME=C:\Program Files\Java\jdk-17
PATH=C:\Program Files\Microsoft\jdk-17.0.10.7-hotspot\bin;C:\Program Files\Common Files\Oracle\Java\javapath;C:\Windows\system32;C:\Windows;C:\Windows\System32\Wbem;C:\Windows\System32\WindowsPowerShell\v1.0\;C:\Windows\System32\OpenSSH\;C:\Program Files (x86)\NVIDIA Corporation\PhysX\Common;C:\Program Files\NVIDIA Corporation\NVIDIA NvDLISR;C:\Program Files\Git\cmd;C:\Users\Kausika\AppData\Roaming\nvm;C:\Program Files\nodejs;C:\Program Files\PostgreSQL\15\bin;C:\Users\Kausika\AppData\Local\Programs\Python\Python311;C:\Users\Kausika\AppData\Local\Programs\Python\Python311\Scripts;C:\Program Files\flutter\bin;C:\ProgramData\chocolatey\bin;C:\Program Files\nodejs\;C:\Program Files\Docker\Docker\resources\bin;C:\Users\Kausika\AppData\Local\Microsoft\WindowsApps;C:\Users\Kausika\AppData\Local\Programs\Microsoft VS Code\bin;C:\Users\Kausika\AppData\Local\GitHubDesktop\bin;C:\Users\Kausika\AppData\Roaming\nvm;C:\Program Files\nodejs;C:\Users\Kausika\AppData\Local\Android\Sdk\platform-tools;C:\Users\Kausika\AppData\Roaming\npm;C:\Users\Kausika\AppData\Local\Google\Cloud SDK\google-cloud-sdk\bin
USERNAME=Kausika
OS=Windows_NT
PROCESSOR_IDENTIFIER=Intel64 Family 6 Model 141 Stepping 1, GenuineIntel
TMP=C:\Users\Kausika\AppData\Local\Temp
TEMP=C:\Users\Kausika\AppData\Local\Temp



Periodic native trim disabled


---------------  S Y S T E M  ---------------

OS:
 Windows 10 , 64 bit Build 19041 (10.0.19041.3636)
OS uptime: 0 days 2:18 hours
Hyper-V role detected

CPU: total 16 (initial active 16) (8 cores per cpu, 2 threads per core) family 6 model 141 stepping 1 microcode 0x34, cx8, cmov, fxsr, ht, mmx, 3dnowpref, sse, sse2, sse3, ssse3, sse4.1, sse4.2, popcnt, lzcnt, tsc, tscinvbit, avx, avx2, aes, erms, clmul, bmi1, bmi2, adx, avx512f, avx512dq, avx512cd, avx512bw, avx512vl, sha, fma, vzeroupper, avx512_vpopcntdq, avx512_vpclmulqdq, avx512_vaes, avx512_vnni, clflush, clflushopt, clwb, avx512_vbmi2, avx512_vbmi, hv
Processor Information for all 16 processors :
  Max Mhz: 2304, Current Mhz: 2304, Mhz Limit: 2304

Memory: 4k page, system-wide physical 16122M (1084M free)
TotalPageFile size 23143M (AvailPageFile size 72M)
current process WorkingSet (physical memory assigned to process): 84M, peak: 84M
current process commit charge ("private bytes"): 222M, peak: 222M

vm_info: OpenJDK 64-Bit Server VM (17.0.10+7) for windows-amd64 JRE (17.0.10+7), built on Jan 16 2024 23:25:11 by "admin" with MS VC++ 16.10 / 16.11 (VS2019)

END.
